[INFO  - 2016-01-13T19:20:27.023Z] GhostDriver - Main - running on port 59569
[INFO  - 2016-01-13T19:20:27.040Z] Session [b3aa1890-ba2a-11e5-a6b7-f5c62bb3f550] - page.settings - {"XSSAuditingEnabled":false,"javascriptCanCloseWindows":true,"javascriptCanOpenWindows":true,"javascriptEnabled":true,"loadImages":true,"localToRemoteUrlAccessEnabled":false,"userAgent":"Mozilla/5.0 (Macintosh; Intel Mac OS X) AppleWebKit/538.1 (KHTML, like Gecko) PhantomJS/2.0.0 Safari/538.1","webSecurityEnabled":true}
[INFO  - 2016-01-13T19:20:27.040Z] Session [b3aa1890-ba2a-11e5-a6b7-f5c62bb3f550] - page.customHeaders:  - {}
[INFO  - 2016-01-13T19:20:27.040Z] Session [b3aa1890-ba2a-11e5-a6b7-f5c62bb3f550] - Session.negotiatedCapabilities - {"browserName":"phantomjs","version":"2.0.0","driverName":"ghostdriver","driverVersion":"1.2.0","platform":"mac-unknown-64bit","javascriptEnabled":true,"takesScreenshot":true,"handlesAlerts":false,"databaseEnabled":false,"locationContextEnabled":false,"applicationCacheEnabled":false,"browserConnectionEnabled":false,"cssSelectorsEnabled":true,"webStorageEnabled":false,"rotatable":false,"acceptSslCerts":false,"nativeEvents":true,"proxy":{"proxyType":"direct"}}
[INFO  - 2016-01-13T19:20:27.040Z] SessionManagerReqHand - _postNewSessionCommand - New Session Created: b3aa1890-ba2a-11e5-a6b7-f5c62bb3f550
[INFO  - 2016-01-13T19:20:27.404Z] GhostDriver - Main - running on port 58614
[INFO  - 2016-01-13T19:20:27.472Z] Session [b3ec2aa0-ba2a-11e5-b353-8dfa81ff466f] - page.settings - {"XSSAuditingEnabled":false,"javascriptCanCloseWindows":true,"javascriptCanOpenWindows":true,"javascriptEnabled":true,"loadImages":true,"localToRemoteUrlAccessEnabled":false,"userAgent":"Mozilla/5.0 (Macintosh; Intel Mac OS X) AppleWebKit/538.1 (KHTML, like Gecko) PhantomJS/2.0.0 Safari/538.1","webSecurityEnabled":true}
[INFO  - 2016-01-13T19:20:27.472Z] Session [b3ec2aa0-ba2a-11e5-b353-8dfa81ff466f] - page.customHeaders:  - {}
[INFO  - 2016-01-13T19:20:27.472Z] Session [b3ec2aa0-ba2a-11e5-b353-8dfa81ff466f] - Session.negotiatedCapabilities - {"browserName":"phantomjs","version":"2.0.0","driverName":"ghostdriver","driverVersion":"1.2.0","platform":"mac-unknown-64bit","javascriptEnabled":true,"takesScreenshot":true,"handlesAlerts":false,"databaseEnabled":false,"locationContextEnabled":false,"applicationCacheEnabled":false,"browserConnectionEnabled":false,"cssSelectorsEnabled":true,"webStorageEnabled":false,"rotatable":false,"acceptSslCerts":false,"nativeEvents":true,"proxy":{"proxyType":"direct"}}
[INFO  - 2016-01-13T19:20:27.472Z] SessionManagerReqHand - _postNewSessionCommand - New Session Created: b3ec2aa0-ba2a-11e5-b353-8dfa81ff466f
[INFO  - 2016-01-13T19:20:27.872Z] GhostDriver - Main - running on port 51439
[INFO  - 2016-01-13T19:20:27.873Z] GhostDriver - Main - running on port 56852
[INFO  - 2016-01-13T19:20:27.882Z] GhostDriver - Main - running on port 51780
[INFO  - 2016-01-13T19:20:27.885Z] Session [b42b2f70-ba2a-11e5-9508-9d7382900a52] - page.settings - {"XSSAuditingEnabled":false,"javascriptCanCloseWindows":true,"javascriptCanOpenWindows":true,"javascriptEnabled":true,"loadImages":true,"localToRemoteUrlAccessEnabled":false,"userAgent":"Mozilla/5.0 (Macintosh; Intel Mac OS X) AppleWebKit/538.1 (KHTML, like Gecko) PhantomJS/2.0.0 Safari/538.1","webSecurityEnabled":true}
[INFO  - 2016-01-13T19:20:27.885Z] Session [b42b2f70-ba2a-11e5-ad77-b914a6f6c952] - page.settings - {"XSSAuditingEnabled":false,"javascriptCanCloseWindows":true,"javascriptCanOpenWindows":true,"javascriptEnabled":true,"loadImages":true,"localToRemoteUrlAccessEnabled":false,"userAgent":"Mozilla/5.0 (Macintosh; Intel Mac OS X) AppleWebKit/538.1 (KHTML, like Gecko) PhantomJS/2.0.0 Safari/538.1","webSecurityEnabled":true}
[INFO  - 2016-01-13T19:20:27.885Z] Session [b42b2f70-ba2a-11e5-9508-9d7382900a52] - page.customHeaders:  - {}
[INFO  - 2016-01-13T19:20:27.885Z] Session [b42b2f70-ba2a-11e5-ad77-b914a6f6c952] - page.customHeaders:  - {}
[INFO  - 2016-01-13T19:20:27.885Z] Session [b42b2f70-ba2a-11e5-9508-9d7382900a52] - Session.negotiatedCapabilities - {"browserName":"phantomjs","version":"2.0.0","driverName":"ghostdriver","driverVersion":"1.2.0","platform":"mac-unknown-64bit","javascriptEnabled":true,"takesScreenshot":true,"handlesAlerts":false,"databaseEnabled":false,"locationContextEnabled":false,"applicationCacheEnabled":false,"browserConnectionEnabled":false,"cssSelectorsEnabled":true,"webStorageEnabled":false,"rotatable":false,"acceptSslCerts":false,"nativeEvents":true,"proxy":{"proxyType":"direct"}}
[INFO  - 2016-01-13T19:20:27.885Z] Session [b42b2f70-ba2a-11e5-ad77-b914a6f6c952] - Session.negotiatedCapabilities - {"browserName":"phantomjs","version":"2.0.0","driverName":"ghostdriver","driverVersion":"1.2.0","platform":"mac-unknown-64bit","javascriptEnabled":true,"takesScreenshot":true,"handlesAlerts":false,"databaseEnabled":false,"locationContextEnabled":false,"applicationCacheEnabled":false,"browserConnectionEnabled":false,"cssSelectorsEnabled":true,"webStorageEnabled":false,"rotatable":false,"acceptSslCerts":false,"nativeEvents":true,"proxy":{"proxyType":"direct"}}
[INFO  - 2016-01-13T19:20:27.885Z] SessionManagerReqHand - _postNewSessionCommand - New Session Created: b42b2f70-ba2a-11e5-ad77-b914a6f6c952
[INFO  - 2016-01-13T19:20:27.885Z] SessionManagerReqHand - _postNewSessionCommand - New Session Created: b42b2f70-ba2a-11e5-9508-9d7382900a52
[INFO  - 2016-01-13T19:20:27.904Z] Session [b42e3cb0-ba2a-11e5-bcb5-bb90e308ee40] - page.settings - {"XSSAuditingEnabled":false,"javascriptCanCloseWindows":true,"javascriptCanOpenWindows":true,"javascriptEnabled":true,"loadImages":true,"localToRemoteUrlAccessEnabled":false,"userAgent":"Mozilla/5.0 (Macintosh; Intel Mac OS X) AppleWebKit/538.1 (KHTML, like Gecko) PhantomJS/2.0.0 Safari/538.1","webSecurityEnabled":true}
[INFO  - 2016-01-13T19:20:27.904Z] Session [b42e3cb0-ba2a-11e5-bcb5-bb90e308ee40] - page.customHeaders:  - {}
[INFO  - 2016-01-13T19:20:27.905Z] Session [b42e3cb0-ba2a-11e5-bcb5-bb90e308ee40] - Session.negotiatedCapabilities - {"browserName":"phantomjs","version":"2.0.0","driverName":"ghostdriver","driverVersion":"1.2.0","platform":"mac-unknown-64bit","javascriptEnabled":true,"takesScreenshot":true,"handlesAlerts":false,"databaseEnabled":false,"locationContextEnabled":false,"applicationCacheEnabled":false,"browserConnectionEnabled":false,"cssSelectorsEnabled":true,"webStorageEnabled":false,"rotatable":false,"acceptSslCerts":false,"nativeEvents":true,"proxy":{"proxyType":"direct"}}
[INFO  - 2016-01-13T19:20:27.905Z] SessionManagerReqHand - _postNewSessionCommand - New Session Created: b42e3cb0-ba2a-11e5-bcb5-bb90e308ee40
[INFO  - 2016-01-13T19:20:28.266Z] GhostDriver - Main - running on port 56089
[INFO  - 2016-01-13T19:20:28.290Z] Session [b468fbc0-ba2a-11e5-90b6-a38a63b2eb9a] - page.settings - {"XSSAuditingEnabled":false,"javascriptCanCloseWindows":true,"javascriptCanOpenWindows":true,"javascriptEnabled":true,"loadImages":true,"localToRemoteUrlAccessEnabled":false,"userAgent":"Mozilla/5.0 (Macintosh; Intel Mac OS X) AppleWebKit/538.1 (KHTML, like Gecko) PhantomJS/2.0.0 Safari/538.1","webSecurityEnabled":true}
[INFO  - 2016-01-13T19:20:28.290Z] Session [b468fbc0-ba2a-11e5-90b6-a38a63b2eb9a] - page.customHeaders:  - {}
[INFO  - 2016-01-13T19:20:28.290Z] Session [b468fbc0-ba2a-11e5-90b6-a38a63b2eb9a] - Session.negotiatedCapabilities - {"browserName":"phantomjs","version":"2.0.0","driverName":"ghostdriver","driverVersion":"1.2.0","platform":"mac-unknown-64bit","javascriptEnabled":true,"takesScreenshot":true,"handlesAlerts":false,"databaseEnabled":false,"locationContextEnabled":false,"applicationCacheEnabled":false,"browserConnectionEnabled":false,"cssSelectorsEnabled":true,"webStorageEnabled":false,"rotatable":false,"acceptSslCerts":false,"nativeEvents":true,"proxy":{"proxyType":"direct"}}
[INFO  - 2016-01-13T19:20:28.291Z] SessionManagerReqHand - _postNewSessionCommand - New Session Created: b468fbc0-ba2a-11e5-90b6-a38a63b2eb9a
[INFO  - 2016-01-13T19:20:28.636Z] GhostDriver - Main - running on port 50175
[INFO  - 2016-01-13T19:20:28.705Z] Session [b4a84eb0-ba2a-11e5-9418-df84adf9f66c] - page.settings - {"XSSAuditingEnabled":false,"javascriptCanCloseWindows":true,"javascriptCanOpenWindows":true,"javascriptEnabled":true,"loadImages":true,"localToRemoteUrlAccessEnabled":false,"userAgent":"Mozilla/5.0 (Macintosh; Intel Mac OS X) AppleWebKit/538.1 (KHTML, like Gecko) PhantomJS/2.0.0 Safari/538.1","webSecurityEnabled":true}
[INFO  - 2016-01-13T19:20:28.705Z] Session [b4a84eb0-ba2a-11e5-9418-df84adf9f66c] - page.customHeaders:  - {}
[INFO  - 2016-01-13T19:20:28.705Z] Session [b4a84eb0-ba2a-11e5-9418-df84adf9f66c] - Session.negotiatedCapabilities - {"browserName":"phantomjs","version":"2.0.0","driverName":"ghostdriver","driverVersion":"1.2.0","platform":"mac-unknown-64bit","javascriptEnabled":true,"takesScreenshot":true,"handlesAlerts":false,"databaseEnabled":false,"locationContextEnabled":false,"applicationCacheEnabled":false,"browserConnectionEnabled":false,"cssSelectorsEnabled":true,"webStorageEnabled":false,"rotatable":false,"acceptSslCerts":false,"nativeEvents":true,"proxy":{"proxyType":"direct"}}
[INFO  - 2016-01-13T19:20:28.705Z] SessionManagerReqHand - _postNewSessionCommand - New Session Created: b4a84eb0-ba2a-11e5-9418-df84adf9f66c
